<?xml version="1.0" encoding="UTF-8"?>
<!-- Generated by org.testng.reporters.JUnitXMLReporter -->
<testsuite hostname="Deebz-PC" ignored="0" name="Test" tests="1" failures="1" timestamp="2022-07-07T16:22:13 BST" time="1.261" errors="0">
  <testcase name="validateLoginTest" time="0.102" classname="com.test.scripts.regression.ValidateLoginUsingHybrid">
    <failure type="org.testng.internal.reflect.MethodMatcherException" message="
[public void com.test.scripts.regression.ValidateLoginUsingHybrid.validateLoginTest(java.lang.String,java.lang.String,java.lang.String)] has no parameters defined but was found to be using a data provider (either explicitly specified or inherited from class level annotation).
Data provider mismatch
Method: validateLoginTest([Parameter{index=0, type=java.lang.String, declaredAnnotations=[]}, Parameter{index=1, type=java.lang.String, declaredAnnotations=[]}, Parameter{index=2, type=java.lang.String, declaredAnnotations=[]}])
Arguments: [(java.lang.String) mgul123,(java.lang.String) mg12223,(java.lang.String) mg12223,(java.lang.String) muhammad gul,(java.lang.String) mg1@gmail.com,(java.lang.String) abc334,(java.lang.String) adactin.com - New User Registration]">
      <![CDATA[org.testng.internal.reflect.MethodMatcherException: 
[public void com.test.scripts.regression.ValidateLoginUsingHybrid.validateLoginTest(java.lang.String,java.lang.String,java.lang.String)] has no parameters defined but was found to be using a data provider (either explicitly specified or inherited from class level annotation).
Data provider mismatch
Method: validateLoginTest([Parameter{index=0, type=java.lang.String, declaredAnnotations=[]}, Parameter{index=1, type=java.lang.String, declaredAnnotations=[]}, Parameter{index=2, type=java.lang.String, declaredAnnotations=[]}])
Arguments: [(java.lang.String) mgul123,(java.lang.String) mg12223,(java.lang.String) mg12223,(java.lang.String) muhammad gul,(java.lang.String) mg1@gmail.com,(java.lang.String) abc334,(java.lang.String) adactin.com - New User Registration]
at java.util.ArrayList.forEach(Unknown Source)
... Removed 22 stack frames]]>
    </failure>
  </testcase> <!-- validateLoginTest -->
</testsuite> <!-- Test -->
